[16:08:06.825 Verbose] - BuildManager - C:\Users\cda5pani\Documents\Fil rouge jalon 4 - Projet StackForum\StackForum\APIStackForum\Domain\Entities\Category.cs(11,20): warning CS0108: 'Category.Id' masque le membre hérité 'Entity.Id'. Utilisez le mot clé new si le masquage est intentionnel.
[16:08:06.825 Verbose] - BuildManager - C:\Users\cda5pani\Documents\Fil rouge jalon 4 - Projet StackForum\StackForum\APIStackForum\Domain\DomainExtension.cs(12,23): error CS1520: La méthode doit avoir un type de retour
[16:08:06.825 Verbose] - BuildManager - C:\Users\cda5pani\Documents\Fil rouge jalon 4 - Projet StackForum\StackForum\APIStackForum\Domain\DomainExtension.cs(12,23): error CS0107: Présence de plusieurs modificateurs de protection
[16:08:06.825 Verbose] - BuildManager - C:\Users\cda5pani\Documents\Fil rouge jalon 4 - Projet StackForum\StackForum\APIStackForum\Domain\DTO\Responses\WriterResponseDTO.cs(9,17): warning CS0659: 'WriterResponseDTO' se substitue à Object.Equals(object o) mais pas à Object.GetHashCode()
[16:08:06.826 Verbose] - BuildManager - C:\Users\cda5pani\Documents\Fil rouge jalon 4 - Projet StackForum\StackForum\APIStackForum\Domain\DomainExtension.cs(12,33): error CS0027: Le mot clé 'this' n'est pas disponible dans le contexte actuel
[16:08:06.826 Verbose] - BuildManager - C:\Users\cda5pani\Documents\Fil rouge jalon 4 - Projet StackForum\StackForum\APIStackForum\Domain\DomainExtension.cs(12,38): error CS0246: Le nom de type ou d'espace de noms 'IServiceCollection' est introuvable (vous manque-t-il une directive using ou une référence d'assembly ?)
[16:08:06.826 Verbose] - BuildManager - C:\Program Files (x86)\Microsoft Visual Studio\2019\Enterprise\MSBuild\Current\Bin\Roslyn\Microsoft.CSharp.Core.targets(71,5): error MSB4181: la tâche "Csc" a retourné false mais n'a pas journalisé d'erreur.
[16:08:06.829 Verbose] - BuildManager - Il manque certains des chemins de fichiers définis dans csproj au sein du chemin de build de Live Unit Testing. Vérifiez si ces fichiers doivent figurer dans le chemin de build de Live Unit Testing et, si nécessaire, mettez à jour la définition de csproj pour rechercher ces fichiers à un autre emplacement.
[16:08:06.829 Verbose] - BuildManager - Élément _OutputPathItem 'C:\Users\cda5pani\Documents\Fil rouge jalon 4 - Projet StackForum\StackForum\APIStackForum\.vs\APIStackForum\v16\lut\0\b\Domain\Debug\net5.0\' évalué via :
_OutputPathItem: '$(OutDir)' @ C:\Program Files (x86)\Microsoft Visual Studio\2019\Enterprise\MSBuild\Current\Bin\Microsoft.Common.CurrentVersion.targets:310
  OutDir: '$(OutputPath)' @ C:\Program Files (x86)\Microsoft Visual Studio\2019\Enterprise\MSBuild\Current\Bin\Microsoft.Common.CurrentVersion.targets:228
    OutputPath: '$(OutputPath)$(TargetFramework.ToLowerInvariant())\' @ C:\Program Files\dotnet\sdk\5.0.404\Sdks\Microsoft.NET.Sdk\targets\Microsoft.NET.TargetFrameworkInference.targets:242
      OutputPath: '$(BaseOutputPath)$(Configuration)\' @ C:\Program Files\dotnet\sdk\5.0.404\Sdks\Microsoft.NET.Sdk\targets\Microsoft.NET.DefaultOutputPaths.targets:33
        BaseOutputPath: 'C:\Users\cda5pani\Documents\Fil rouge jalon 4 - Projet StackForum\StackForum\APIStackForum\.vs\APIStackForum\v16\lut\0\b\Domain\' @ C:\Users\cda5pani\Documents\Fil rouge jalon 4 - Projet StackForum\StackForum\APIStackForum\Domain\Domain.csproj:0
        Configuration: 'Debug'
[16:08:06.829 Verbose] - BuildManager - Élément AppConfigFileDestination 'C:\Users\cda5pani\Documents\Fil rouge jalon 4 - Projet StackForum\StackForum\APIStackForum\.vs\APIStackForum\v16\lut\0\b\Domain\Debug\net5.0\Domain.dll.config' évalué via :
AppConfigFileDestination: '$(OutDir)$(TargetFileName).config' @ C:\Program Files (x86)\Microsoft Visual Studio\2019\Enterprise\MSBuild\Current\Bin\Microsoft.Common.CurrentVersion.targets:338
  OutDir: '$(OutputPath)' @ C:\Program Files (x86)\Microsoft Visual Studio\2019\Enterprise\MSBuild\Current\Bin\Microsoft.Common.CurrentVersion.targets:228
    OutputPath: '$(OutputPath)$(TargetFramework.ToLowerInvariant())\' @ C:\Program Files\dotnet\sdk\5.0.404\Sdks\Microsoft.NET.Sdk\targets\Microsoft.NET.TargetFrameworkInference.targets:242
      OutputPath: '$(BaseOutputPath)$(Configuration)\' @ C:\Program Files\dotnet\sdk\5.0.404\Sdks\Microsoft.NET.Sdk\targets\Microsoft.NET.DefaultOutputPaths.targets:33
        BaseOutputPath: 'C:\Users\cda5pani\Documents\Fil rouge jalon 4 - Projet StackForum\StackForum\APIStackForum\.vs\APIStackForum\v16\lut\0\b\Domain\' @ C:\Users\cda5pani\Documents\Fil rouge jalon 4 - Projet StackForum\StackForum\APIStackForum\Domain\Domain.csproj:0
        Configuration: 'Debug'
  TargetFileName: '$(TargetName)$(TargetExt)' @ C:\Program Files (x86)\Microsoft Visual Studio\2019\Enterprise\MSBuild\Current\Bin\Microsoft.Common.CurrentVersion.targets:248
    TargetName: '$(AssemblyName)' @ C:\Program Files (x86)\Microsoft Visual Studio\2019\Enterprise\MSBuild\Current\Bin\Microsoft.Common.CurrentVersion.targets:240
      AssemblyName: '$(MSBuildProjectName)' @ C:\Program Files\dotnet\sdk\5.0.404\Sdks\Microsoft.NET.Sdk\targets\Microsoft.NET.Sdk.props:32
        MSBuildProjectName: 'Domain'
    TargetExt: '.dll' @ C:\Program Files\dotnet\sdk\5.0.404\Sdks\Microsoft.NET.Sdk\targets\Microsoft.NET.Sdk.BeforeCommon.targets:99
[16:08:06.830 Verbose] - BuildManager - Élément CreateDirectory 'C:\Users\cda5pani\Documents\Fil rouge jalon 4 - Projet StackForum\StackForum\APIStackForum\.vs\APIStackForum\v16\lut\0\b\Domain\Debug\net5.0\ref' évalué via :
CreateDirectory: '$(OutDir)ref' @ C:\Program Files (x86)\Microsoft Visual Studio\2019\Enterprise\MSBuild\Current\Bin\Microsoft.Common.CurrentVersion.targets:398
  OutDir: '$(OutputPath)' @ C:\Program Files (x86)\Microsoft Visual Studio\2019\Enterprise\MSBuild\Current\Bin\Microsoft.Common.CurrentVersion.targets:228
    OutputPath: '$(OutputPath)$(TargetFramework.ToLowerInvariant())\' @ C:\Program Files\dotnet\sdk\5.0.404\Sdks\Microsoft.NET.Sdk\targets\Microsoft.NET.TargetFrameworkInference.targets:242
      OutputPath: '$(BaseOutputPath)$(Configuration)\' @ C:\Program Files\dotnet\sdk\5.0.404\Sdks\Microsoft.NET.Sdk\targets\Microsoft.NET.DefaultOutputPaths.targets:33
        BaseOutputPath: 'C:\Users\cda5pani\Documents\Fil rouge jalon 4 - Projet StackForum\StackForum\APIStackForum\.vs\APIStackForum\v16\lut\0\b\Domain\' @ C:\Users\cda5pani\Documents\Fil rouge jalon 4 - Projet StackForum\StackForum\APIStackForum\Domain\Domain.csproj:0
        Configuration: 'Debug'
[16:08:06.830 Verbose] - BuildManager - Élément _DebugSymbolsOutputPath 'C:\Users\cda5pani\Documents\Fil rouge jalon 4 - Projet StackForum\StackForum\APIStackForum\.vs\APIStackForum\v16\lut\0\b\Domain\Debug\net5.0\Domain.pdb' évalué via :
_DebugSymbolsOutputPath: '@(_DebugSymbolsIntermediatePath->'$(OutDir)%(Filename)%(Extension)')' @ C:\Program Files (x86)\Microsoft Visual Studio\2019\Enterprise\MSBuild\Current\Bin\Microsoft.Common.CurrentVersion.targets:404
  OutDir: '$(OutputPath)' @ C:\Program Files (x86)\Microsoft Visual Studio\2019\Enterprise\MSBuild\Current\Bin\Microsoft.Common.CurrentVersion.targets:228
    OutputPath: '$(OutputPath)$(TargetFramework.ToLowerInvariant())\' @ C:\Program Files\dotnet\sdk\5.0.404\Sdks\Microsoft.NET.Sdk\targets\Microsoft.NET.TargetFrameworkInference.targets:242
      OutputPath: '$(BaseOutputPath)$(Configuration)\' @ C:\Program Files\dotnet\sdk\5.0.404\Sdks\Microsoft.NET.Sdk\targets\Microsoft.NET.DefaultOutputPaths.targets:33
        BaseOutputPath: 'C:\Users\cda5pani\Documents\Fil rouge jalon 4 - Projet StackForum\StackForum\APIStackForum\.vs\APIStackForum\v16\lut\0\b\Domain\' @ C:\Users\cda5pani\Documents\Fil rouge jalon 4 - Projet StackForum\StackForum\APIStackForum\Domain\Domain.csproj:0
        Configuration: 'Debug'
[16:08:06.830 Verbose] - BuildManager - Élément _ApplicationManifestFinal 'C:\Users\cda5pani\Documents\Fil rouge jalon 4 - Projet StackForum\StackForum\APIStackForum\.vs\APIStackForum\v16\lut\0\b\Domain\Debug\net5.0\Native.Domain.manifest' évalué via :
_ApplicationManifestFinal: '$(OutDir)$(_DeploymentTargetApplicationManifestFileName)' @ C:\Program Files (x86)\Microsoft Visual Studio\2019\Enterprise\MSBuild\Current\Bin\Microsoft.Common.CurrentVersion.targets:442
  OutDir: '$(OutputPath)' @ C:\Program Files (x86)\Microsoft Visual Studio\2019\Enterprise\MSBuild\Current\Bin\Microsoft.Common.CurrentVersion.targets:228
    OutputPath: '$(OutputPath)$(TargetFramework.ToLowerInvariant())\' @ C:\Program Files\dotnet\sdk\5.0.404\Sdks\Microsoft.NET.Sdk\targets\Microsoft.NET.TargetFrameworkInference.targets:242
      OutputPath: '$(BaseOutputPath)$(Configuration)\' @ C:\Program Files\dotnet\sdk\5.0.404\Sdks\Microsoft.NET.Sdk\targets\Microsoft.NET.DefaultOutputPaths.targets:33
        BaseOutputPath: 'C:\Users\cda5pani\Documents\Fil rouge jalon 4 - Projet StackForum\StackForum\APIStackForum\.vs\APIStackForum\v16\lut\0\b\Domain\' @ C:\Users\cda5pani\Documents\Fil rouge jalon 4 - Projet StackForum\StackForum\APIStackForum\Domain\Domain.csproj:0
        Configuration: 'Debug'
  _DeploymentTargetApplicationManifestFileName: 'Native.$(AssemblyName).manifest' @ C:\Program Files (x86)\Microsoft Visual Studio\2019\Enterprise\MSBuild\Current\Bin\Microsoft.Common.CurrentVersion.targets:264
    AssemblyName: '$(MSBuildProjectName)' @ C:\Program Files\dotnet\sdk\5.0.404\Sdks\Microsoft.NET.Sdk\targets\Microsoft.NET.Sdk.props:32
      MSBuildProjectName: 'Domain'
